<?xml version="1.0" encoding="UTF-8"?>
<!-- Generated by org.testng.reporters.JUnitXMLReporter -->
<testsuite ignored="0" hostname="DESKTOP-PRQV5DF" failures="0" tests="5" name="Default test" time="49.069" errors="0" timestamp="2023-10-03T06:27:32 GMT-07:00">
  <testcase classname="org.check.ChromeTestingClass" name="tc01" time="31.191"/>
  <testcase classname="org.check.ChromeTestingClass" name="tc02" time="7.768"/>
  <testcase classname="org.check.ChromeTestingClass" name="tc03" time="6.814"/>
  <testcase classname="org.check.ChromeTestingClass" name="tc04" time="2.759"/>
  <testcase classname="org.check.ChromeTestingClass" name="tc05" time="0.176"/>
</testsuite> <!-- Default test -->
