<?xml version="1.0" encoding="UTF-8"?>
<testng-results ignored="0" total="5" passed="5" failed="0" skipped="0">
  <reporter-output>
  </reporter-output>
  <suite started-at="2023-10-04T09:19:20 GMT-07:00" name="Suite" finished-at="2023-10-04T09:20:48 GMT-07:00" duration-ms="87936">
    <groups>
    </groups>
    <test started-at="2023-10-04T09:19:20 GMT-07:00" name="Test" finished-at="2023-10-04T09:20:48 GMT-07:00" duration-ms="87936">
      <class name="org.check.ChromeTestingClass">
        <test-method signature="tc01(java.lang.String)[pri:1, instance:org.check.ChromeTestingClass@6f43c82]" started-at="2023-10-04T09:19:21 GMT-07:00" name="tc01" finished-at="2023-10-04T09:20:27 GMT-07:00" duration-ms="66315" status="PASS">
          <params>
            <param index="0">
              <value>
                <![CDATA[Chrome]]>
              </value>
            </param>
          </params>
          <reporter-output>
          </reporter-output>
        </test-method> <!-- tc01 -->
        <test-method signature="tc02(java.lang.String,java.lang.String)[pri:2, instance:org.check.ChromeTestingClass@6f43c82]" started-at="2023-10-04T09:20:27 GMT-07:00" name="tc02" finished-at="2023-10-04T09:20:32 GMT-07:00" duration-ms="5229" status="PASS">
          <params>
            <param index="0">
              <value>
                <![CDATA[EpicNaveen007]]>
              </value>
            </param>
            <param index="1">
              <value>
                <![CDATA[naveen007]]>
              </value>
            </param>
          </params>
          <reporter-output>
          </reporter-output>
        </test-method> <!-- tc02 -->
        <test-method signature="tc03()[pri:3, instance:org.check.ChromeTestingClass@6f43c82]" started-at="2023-10-04T09:20:32 GMT-07:00" name="tc03" finished-at="2023-10-04T09:20:45 GMT-07:00" duration-ms="12625" status="PASS">
          <reporter-output>
          </reporter-output>
        </test-method> <!-- tc03 -->
        <test-method signature="tc04()[pri:4, instance:org.check.ChromeTestingClass@6f43c82]" started-at="2023-10-04T09:20:45 GMT-07:00" name="tc04" finished-at="2023-10-04T09:20:48 GMT-07:00" duration-ms="2869" status="PASS">
          <reporter-output>
          </reporter-output>
        </test-method> <!-- tc04 -->
        <test-method signature="tc05()[pri:5, instance:org.check.ChromeTestingClass@6f43c82]" started-at="2023-10-04T09:20:48 GMT-07:00" name="tc05" finished-at="2023-10-04T09:20:48 GMT-07:00" duration-ms="271" status="PASS">
          <reporter-output>
          </reporter-output>
        </test-method> <!-- tc05 -->
      </class> <!-- org.check.ChromeTestingClass -->
    </test> <!-- Test -->
  </suite> <!-- Suite -->
</testng-results>
